Warning[205] C:\USERS\CP2150\ONEDRIVE - UNIVERSITY OF BATH\DOCUMENTS\EE10140 - MICROPROCESSORS\MPLABPROJECTS\DIGITALLOCK.X\DIGITALLOCKCODE.ASM 5 : Found directive in column 1. (__config)
Warning[205] C:\USERS\CP2150\ONEDRIVE - UNIVERSITY OF BATH\DOCUMENTS\EE10140 - MICROPROCESSORS\MPLABPROJECTS\DIGITALLOCK.X\DIGITALLOCKCODE.ASM 60 : Found directive in column 1. (ORG)
Warning[203] C:\USERS\CP2150\ONEDRIVE - UNIVERSITY OF BATH\DOCUMENTS\EE10140 - MICROPROCESSORS\MPLABPROJECTS\DIGITALLOCK.X\DIGITALLOCKCODE.ASM 62 : Found opcode in column 1. (bsf)
Warning[203] C:\USERS\CP2150\ONEDRIVE - UNIVERSITY OF BATH\DOCUMENTS\EE10140 - MICROPROCESSORS\MPLABPROJECTS\DIGITALLOCK.X\DIGITALLOCKCODE.ASM 63 : Found opcode in column 1. (movlw)
Warning[203] C:\USERS\CP2150\ONEDRIVE - UNIVERSITY OF BATH\DOCUMENTS\EE10140 - MICROPROCESSORS\MPLABPROJECTS\DIGITALLOCK.X\DIGITALLOCKCODE.ASM 64 : Found opcode in column 1. (movwf)
Message[302] C:\USERS\CP2150\ONEDRIVE - UNIVERSITY OF BATH\DOCUMENTS\EE10140 - MICROPROCESSORS\MPLABPROJECTS\DIGITALLOCK.X\DIGITALLOCKCODE.ASM 64 : Register in operand not in bank 0.  Ensure that bank bits are correct.
Warning[203] C:\USERS\CP2150\ONEDRIVE - UNIVERSITY OF BATH\DOCUMENTS\EE10140 - MICROPROCESSORS\MPLABPROJECTS\DIGITALLOCK.X\DIGITALLOCKCODE.ASM 66 : Found opcode in column 1. (movlw)
Warning[203] C:\USERS\CP2150\ONEDRIVE - UNIVERSITY OF BATH\DOCUMENTS\EE10140 - MICROPROCESSORS\MPLABPROJECTS\DIGITALLOCK.X\DIGITALLOCKCODE.ASM 67 : Found opcode in column 1. (movwf)
Message[302] C:\USERS\CP2150\ONEDRIVE - UNIVERSITY OF BATH\DOCUMENTS\EE10140 - MICROPROCESSORS\MPLABPROJECTS\DIGITALLOCK.X\DIGITALLOCKCODE.ASM 67 : Register in operand not in bank 0.  Ensure that bank bits are correct.
Warning[203] C:\USERS\CP2150\ONEDRIVE - UNIVERSITY OF BATH\DOCUMENTS\EE10140 - MICROPROCESSORS\MPLABPROJECTS\DIGITALLOCK.X\DIGITALLOCKCODE.ASM 68 : Found opcode in column 1. (bcf)
Warning[203] C:\USERS\CP2150\ONEDRIVE - UNIVERSITY OF BATH\DOCUMENTS\EE10140 - MICROPROCESSORS\MPLABPROJECTS\DIGITALLOCK.X\DIGITALLOCKCODE.ASM 70 : Found opcode in column 1. (movlw)
Warning[203] C:\USERS\CP2150\ONEDRIVE - UNIVERSITY OF BATH\DOCUMENTS\EE10140 - MICROPROCESSORS\MPLABPROJECTS\DIGITALLOCK.X\DIGITALLOCKCODE.ASM 71 : Found opcode in column 1. (movwf)
Warning[203] C:\USERS\CP2150\ONEDRIVE - UNIVERSITY OF BATH\DOCUMENTS\EE10140 - MICROPROCESSORS\MPLABPROJECTS\DIGITALLOCK.X\DIGITALLOCKCODE.ASM 72 : Found opcode in column 1. (movlw)
Warning[203] C:\USERS\CP2150\ONEDRIVE - UNIVERSITY OF BATH\DOCUMENTS\EE10140 - MICROPROCESSORS\MPLABPROJECTS\DIGITALLOCK.X\DIGITALLOCKCODE.ASM 73 : Found opcode in column 1. (movwf)
Warning[203] C:\USERS\CP2150\ONEDRIVE - UNIVERSITY OF BATH\DOCUMENTS\EE10140 - MICROPROCESSORS\MPLABPROJECTS\DIGITALLOCK.X\DIGITALLOCKCODE.ASM 74 : Found opcode in column 1. (movlw)
Warning[203] C:\USERS\CP2150\ONEDRIVE - UNIVERSITY OF BATH\DOCUMENTS\EE10140 - MICROPROCESSORS\MPLABPROJECTS\DIGITALLOCK.X\DIGITALLOCKCODE.ASM 75 : Found opcode in column 1. (movwf)
Warning[203] C:\USERS\CP2150\ONEDRIVE - UNIVERSITY OF BATH\DOCUMENTS\EE10140 - MICROPROCESSORS\MPLABPROJECTS\DIGITALLOCK.X\DIGITALLOCKCODE.ASM 76 : Found opcode in column 1. (movlw)
Warning[203] C:\USERS\CP2150\ONEDRIVE - UNIVERSITY OF BATH\DOCUMENTS\EE10140 - MICROPROCESSORS\MPLABPROJECTS\DIGITALLOCK.X\DIGITALLOCKCODE.ASM 77 : Found opcode in column 1. (movwf)
Warning[203] C:\USERS\CP2150\ONEDRIVE - UNIVERSITY OF BATH\DOCUMENTS\EE10140 - MICROPROCESSORS\MPLABPROJECTS\DIGITALLOCK.X\DIGITALLOCKCODE.ASM 78 : Found opcode in column 1. (movlw)
Warning[203] C:\USERS\CP2150\ONEDRIVE - UNIVERSITY OF BATH\DOCUMENTS\EE10140 - MICROPROCESSORS\MPLABPROJECTS\DIGITALLOCK.X\DIGITALLOCKCODE.ASM 79 : Found opcode in column 1. (movwf)
Warning[203] C:\USERS\CP2150\ONEDRIVE - UNIVERSITY OF BATH\DOCUMENTS\EE10140 - MICROPROCESSORS\MPLABPROJECTS\DIGITALLOCK.X\DIGITALLOCKCODE.ASM 81 : Found opcode in column 1. (call)
Warning[203] C:\USERS\CP2150\ONEDRIVE - UNIVERSITY OF BATH\DOCUMENTS\EE10140 - MICROPROCESSORS\MPLABPROJECTS\DIGITALLOCK.X\DIGITALLOCKCODE.ASM 83 : Found opcode in column 1. (movlw)
Warning[203] C:\USERS\CP2150\ONEDRIVE - UNIVERSITY OF BATH\DOCUMENTS\EE10140 - MICROPROCESSORS\MPLABPROJECTS\DIGITALLOCK.X\DIGITALLOCKCODE.ASM 84 : Found opcode in column 1. (movwf)
Warning[203] C:\USERS\CP2150\ONEDRIVE - UNIVERSITY OF BATH\DOCUMENTS\EE10140 - MICROPROCESSORS\MPLABPROJECTS\DIGITALLOCK.X\DIGITALLOCKCODE.ASM 85 : Found opcode in column 1. (movlw)
Warning[203] C:\USERS\CP2150\ONEDRIVE - UNIVERSITY OF BATH\DOCUMENTS\EE10140 - MICROPROCESSORS\MPLABPROJECTS\DIGITALLOCK.X\DIGITALLOCKCODE.ASM 86 : Found opcode in column 1. (movwf)
Warning[203] C:\USERS\CP2150\ONEDRIVE - UNIVERSITY OF BATH\DOCUMENTS\EE10140 - MICROPROCESSORS\MPLABPROJECTS\DIGITALLOCK.X\DIGITALLOCKCODE.ASM 87 : Found opcode in column 1. (movlw)
Warning[203] C:\USERS\CP2150\ONEDRIVE - UNIVERSITY OF BATH\DOCUMENTS\EE10140 - MICROPROCESSORS\MPLABPROJECTS\DIGITALLOCK.X\DIGITALLOCKCODE.ASM 88 : Found opcode in column 1. (movwf)
Warning[203] C:\USERS\CP2150\ONEDRIVE - UNIVERSITY OF BATH\DOCUMENTS\EE10140 - MICROPROCESSORS\MPLABPROJECTS\DIGITALLOCK.X\DIGITALLOCKCODE.ASM 89 : Found opcode in column 1. (movlw)
Warning[203] C:\USERS\CP2150\ONEDRIVE - UNIVERSITY OF BATH\DOCUMENTS\EE10140 - MICROPROCESSORS\MPLABPROJECTS\DIGITALLOCK.X\DIGITALLOCKCODE.ASM 90 : Found opcode in column 1. (movwf)
Warning[203] C:\USERS\CP2150\ONEDRIVE - UNIVERSITY OF BATH\DOCUMENTS\EE10140 - MICROPROCESSORS\MPLABPROJECTS\DIGITALLOCK.X\DIGITALLOCKCODE.ASM 91 : Found opcode in column 1. (movlw)
Warning[203] C:\USERS\CP2150\ONEDRIVE - UNIVERSITY OF BATH\DOCUMENTS\EE10140 - MICROPROCESSORS\MPLABPROJECTS\DIGITALLOCK.X\DIGITALLOCKCODE.ASM 92 : Found opcode in column 1. (movwf)
Message[305] C:\USERS\CP2150\ONEDRIVE - UNIVERSITY OF BATH\DOCUMENTS\EE10140 - MICROPROCESSORS\MPLABPROJECTS\DIGITALLOCK.X\DIGITALLOCKCODE.ASM 150 : Using default destination of 1 (file).
Message[302] C:\USERS\CP2150\ONEDRIVE - UNIVERSITY OF BATH\DOCUMENTS\EE10140 - MICROPROCESSORS\MPLABPROJECTS\DIGITALLOCK.X\DIGITALLOCKCODE.ASM 373 : Register in operand not in bank 0.  Ensure that bank bits are correct.
Message[302] C:\USERS\CP2150\ONEDRIVE - UNIVERSITY OF BATH\DOCUMENTS\EE10140 - MICROPROCESSORS\MPLABPROJECTS\DIGITALLOCK.X\DIGITALLOCKCODE.ASM 375 : Register in operand not in bank 0.  Ensure that bank bits are correct.
Message[302] C:\USERS\CP2150\ONEDRIVE - UNIVERSITY OF BATH\DOCUMENTS\EE10140 - MICROPROCESSORS\MPLABPROJECTS\DIGITALLOCK.X\DIGITALLOCKCODE.ASM 419 : Register in operand not in bank 0.  Ensure that bank bits are correct.
Message[302] C:\USERS\CP2150\ONEDRIVE - UNIVERSITY OF BATH\DOCUMENTS\EE10140 - MICROPROCESSORS\MPLABPROJECTS\DIGITALLOCK.X\DIGITALLOCKCODE.ASM 422 : Register in operand not in bank 0.  Ensure that bank bits are correct.
Message[302] C:\USERS\CP2150\ONEDRIVE - UNIVERSITY OF BATH\DOCUMENTS\EE10140 - MICROPROCESSORS\MPLABPROJECTS\DIGITALLOCK.X\DIGITALLOCKCODE.ASM 424 : Register in operand not in bank 0.  Ensure that bank bits are correct.
Message[302] C:\USERS\CP2150\ONEDRIVE - UNIVERSITY OF BATH\DOCUMENTS\EE10140 - MICROPROCESSORS\MPLABPROJECTS\DIGITALLOCK.X\DIGITALLOCKCODE.ASM 425 : Register in operand not in bank 0.  Ensure that bank bits are correct.
Message[302] C:\USERS\CP2150\ONEDRIVE - UNIVERSITY OF BATH\DOCUMENTS\EE10140 - MICROPROCESSORS\MPLABPROJECTS\DIGITALLOCK.X\DIGITALLOCKCODE.ASM 426 : Register in operand not in bank 0.  Ensure that bank bits are correct.
Message[302] C:\USERS\CP2150\ONEDRIVE - UNIVERSITY OF BATH\DOCUMENTS\EE10140 - MICROPROCESSORS\MPLABPROJECTS\DIGITALLOCK.X\DIGITALLOCKCODE.ASM 428 : Register in operand not in bank 0.  Ensure that bank bits are correct.
Message[305] C:\USERS\CP2150\ONEDRIVE - UNIVERSITY OF BATH\DOCUMENTS\EE10140 - MICROPROCESSORS\MPLABPROJECTS\DIGITALLOCK.X\DIGITALLOCKCODE.ASM 1145 : Using default destination of 1 (file).
Message[302] C:\USERS\CP2150\ONEDRIVE - UNIVERSITY OF BATH\DOCUMENTS\EE10140 - MICROPROCESSORS\MPLABPROJECTS\DIGITALLOCK.X\DIGITALLOCKCODE.ASM 1150 : Register in operand not in bank 0.  Ensure that bank bits are correct.
Message[302] C:\USERS\CP2150\ONEDRIVE - UNIVERSITY OF BATH\DOCUMENTS\EE10140 - MICROPROCESSORS\MPLABPROJECTS\DIGITALLOCK.X\DIGITALLOCKCODE.ASM 1152 : Register in operand not in bank 0.  Ensure that bank bits are correct.
Message[302] C:\USERS\CP2150\ONEDRIVE - UNIVERSITY OF BATH\DOCUMENTS\EE10140 - MICROPROCESSORS\MPLABPROJECTS\DIGITALLOCK.X\DIGITALLOCKCODE.ASM 1162 : Register in operand not in bank 0.  Ensure that bank bits are correct.
Message[302] C:\USERS\CP2150\ONEDRIVE - UNIVERSITY OF BATH\DOCUMENTS\EE10140 - MICROPROCESSORS\MPLABPROJECTS\DIGITALLOCK.X\DIGITALLOCKCODE.ASM 1164 : Register in operand not in bank 0.  Ensure that bank bits are correct.
Message[302] C:\USERS\CP2150\ONEDRIVE - UNIVERSITY OF BATH\DOCUMENTS\EE10140 - MICROPROCESSORS\MPLABPROJECTS\DIGITALLOCK.X\DIGITALLOCKCODE.ASM 1174 : Register in operand not in bank 0.  Ensure that bank bits are correct.
Message[302] C:\USERS\CP2150\ONEDRIVE - UNIVERSITY OF BATH\DOCUMENTS\EE10140 - MICROPROCESSORS\MPLABPROJECTS\DIGITALLOCK.X\DIGITALLOCKCODE.ASM 1176 : Register in operand not in bank 0.  Ensure that bank bits are correct.
Message[302] C:\USERS\CP2150\ONEDRIVE - UNIVERSITY OF BATH\DOCUMENTS\EE10140 - MICROPROCESSORS\MPLABPROJECTS\DIGITALLOCK.X\DIGITALLOCKCODE.ASM 1186 : Register in operand not in bank 0.  Ensure that bank bits are correct.
Message[302] C:\USERS\CP2150\ONEDRIVE - UNIVERSITY OF BATH\DOCUMENTS\EE10140 - MICROPROCESSORS\MPLABPROJECTS\DIGITALLOCK.X\DIGITALLOCKCODE.ASM 1188 : Register in operand not in bank 0.  Ensure that bank bits are correct.
Message[302] C:\USERS\CP2150\ONEDRIVE - UNIVERSITY OF BATH\DOCUMENTS\EE10140 - MICROPROCESSORS\MPLABPROJECTS\DIGITALLOCK.X\DIGITALLOCKCODE.ASM 1198 : Register in operand not in bank 0.  Ensure that bank bits are correct.
Message[302] C:\USERS\CP2150\ONEDRIVE - UNIVERSITY OF BATH\DOCUMENTS\EE10140 - MICROPROCESSORS\MPLABPROJECTS\DIGITALLOCK.X\DIGITALLOCKCODE.ASM 1200 : Register in operand not in bank 0.  Ensure that bank bits are correct.
Message[302] C:\USERS\CP2150\ONEDRIVE - UNIVERSITY OF BATH\DOCUMENTS\EE10140 - MICROPROCESSORS\MPLABPROJECTS\DIGITALLOCK.X\DIGITALLOCKCODE.ASM 1214 : Register in operand not in bank 0.  Ensure that bank bits are correct.
Warning[205] C:\USERS\CP2150\ONEDRIVE - UNIVERSITY OF BATH\DOCUMENTS\EE10140 - MICROPROCESSORS\MPLABPROJECTS\DIGITALLOCK.X\DIGITALLOCKCODE.ASM 1328 : Found directive in column 1. (end)
